<?xml version="1.0" encoding="UTF-8"?>
<testng-results ignored="0" total="1" passed="1" failed="0" skipped="0">
  <reporter-output>
  </reporter-output>
  <suite started-at="2023-05-18T19:07:46 IST" name="Suite" finished-at="2023-05-18T19:09:06 IST" duration-ms="80281">
    <groups>
    </groups>
    <test started-at="2023-05-18T19:07:46 IST" name="Test" finished-at="2023-05-18T19:09:06 IST" duration-ms="80281">
      <class name="lanch_browser.Browser">
        <test-method is-config="true" signature="setup()[pri:0, instance:lanch_browser.Browser@4d154ccd]" started-at="2023-05-18T19:07:46 IST" name="setup" finished-at="2023-05-18T19:08:04 IST" duration-ms="18325" status="PASS">
          <reporter-output>
          </reporter-output>
        </test-method> <!-- setup -->
        <test-method signature="f()[pri:0, instance:lanch_browser.Browser@4d154ccd]" started-at="2023-05-18T19:08:04 IST" name="f" finished-at="2023-05-18T19:09:06 IST" duration-ms="61856" status="PASS">
          <reporter-output>
          </reporter-output>
        </test-method> <!-- f -->
        <test-method is-config="true" signature="close()[pri:0, instance:lanch_browser.Browser@4d154ccd]" started-at="2023-05-18T19:09:06 IST" name="close" finished-at="2023-05-18T19:09:06 IST" duration-ms="3" status="PASS">
          <reporter-output>
          </reporter-output>
        </test-method> <!-- close -->
      </class> <!-- lanch_browser.Browser -->
    </test> <!-- Test -->
  </suite> <!-- Suite -->
</testng-results>
